This file contains any messages produced by compilers while
running configure, to aid debugging if configure makes a mistake.

It was created by configure, which was
generated by GNU Autoconf 2.69.  Invocation command line was

  $ ./configure CFLAGS=-fPIC CXXFLAGS=-fPIC --enable-shared --enable-gl --with-x --enable-localjpeg --enable-localzlib --enable-localpng --enable-xft

## --------- ##
## Platform. ##
## --------- ##

hostname = SpirOS
uname -m = x86_64
uname -r = 4.4.0-138-generic
uname -s = Linux
uname -v = #164-Ubuntu SMP Tue Oct 2 17:16:02 UTC 2018

/usr/bin/uname -p = unknown
/bin/uname -X     = unknown

/bin/arch              = unknown
/usr/bin/arch -k       = unknown
/usr/convex/getsysinfo = unknown
/usr/bin/hostinfo      = unknown
/bin/machine           = unknown
/usr/bin/oslevel       = unknown
/bin/universe          = unknown

PATH: /home/sboo/.nix-profile/bin
PATH: /home/sboo/.nix-profile/bin
PATH: /usr/local/sbin
PATH: /usr/local/bin
PATH: /usr/sbin
PATH: /usr/bin
PATH: /sbin
PATH: /bin
PATH: /usr/games
PATH: /usr/local/games
PATH: /snap/bin
PATH: /home/sboo/configuration/scripts


## ----------- ##
## Core tests. ##
## ----------- ##

configure:2516: checking build system type
configure:2530: result: x86_64-pc-linux-gnu
configure:2550: checking host system type
configure:2563: result: x86_64-pc-linux-gnu
configure:2640: checking for gcc
configure:2656: found /usr/bin/gcc
configure:2667: result: gcc
configure:2896: checking for C compiler version
configure:2905: gcc --version >&5
gcc (Ubuntu 5.4.0-6ubuntu1~16.04.10) 5.4.0 20160609
Copyright (C) 2015 Free Software Foundation, Inc.
This is free software; see the source for copying conditions.  There is NO
warranty; not even for MERCHANTABILITY or FITNESS FOR A PARTICULAR PURPOSE.

configure:2916: $? = 0
configure:2905: gcc -v >&5
Using built-in specs.
COLLECT_GCC=gcc
COLLECT_LTO_WRAPPER=/usr/lib/gcc/x86_64-linux-gnu/5/lto-wrapper
Target: x86_64-linux-gnu
Configured with: ../src/configure -v --with-pkgversion='Ubuntu 5.4.0-6ubuntu1~16.04.10' --with-bugurl=file:///usr/share/doc/gcc-5/README.Bugs --enable-languages=c,ada,c++,java,go,d,fortran,objc,obj-c++ --prefix=/usr --program-suffix=-5 --enable-shared --enable-linker-build-id --libexecdir=/usr/lib --without-included-gettext --enable-threads=posix --libdir=/usr/lib --enable-nls --with-sysroot=/ --enable-clocale=gnu --enable-libstdcxx-debug --enable-libstdcxx-time=yes --with-default-libstdcxx-abi=new --enable-gnu-unique-object --disable-vtable-verify --enable-libmpx --enable-plugin --with-system-zlib --disable-browser-plugin --enable-java-awt=gtk --enable-gtk-cairo --with-java-home=/usr/lib/jvm/java-1.5.0-gcj-5-amd64/jre --enable-java-home --with-jvm-root-dir=/usr/lib/jvm/java-1.5.0-gcj-5-amd64 --with-jvm-jar-dir=/usr/lib/jvm-exports/java-1.5.0-gcj-5-amd64 --with-arch-directory=amd64 --with-ecj-jar=/usr/share/java/eclipse-ecj.jar --enable-objc-gc --enable-multiarch --disable-werror --with-arch-32=i686 --with-abi=m64 --with-multilib-list=m32,m64,mx32 --enable-multilib --with-tune=generic --enable-checking=release --build=x86_64-linux-gnu --host=x86_64-linux-gnu --target=x86_64-linux-gnu
Thread model: posix
gcc version 5.4.0 20160609 (Ubuntu 5.4.0-6ubuntu1~16.04.10) 
configure:2916: $? = 0
configure:2905: gcc -V >&5
gcc: error: unrecognized command line option '-V'
gcc: fatal error: no input files
compilation terminated.
configure:2916: $? = 1
configure:2905: gcc -qversion >&5
gcc: error: unrecognized command line option '-qversion'
gcc: fatal error: no input files
compilation terminated.
configure:2916: $? = 1
configure:2936: checking whether the C compiler works
configure:2958: gcc -fPIC   conftest.c  >&5
configure:2962: $? = 0
configure:3010: result: yes
configure:3013: checking for C compiler default output file name
configure:3015: result: a.out
configure:3021: checking for suffix of executables
configure:3028: gcc -o conftest -fPIC   conftest.c  >&5
configure:3032: $? = 0
configure:3054: result: 
configure:3076: checking whether we are cross compiling
configure:3084: gcc -o conftest -fPIC   conftest.c  >&5
configure:3088: $? = 0
configure:3095: ./conftest
configure:3099: $? = 0
configure:3114: result: no
configure:3119: checking for suffix of object files
configure:3141: gcc -c -fPIC  conftest.c >&5
configure:3145: $? = 0
configure:3166: result: o
configure:3170: checking whether we are using the GNU C compiler
configure:3189: gcc -c -fPIC  conftest.c >&5
configure:3189: $? = 0
configure:3198: result: yes
configure:3207: checking whether gcc accepts -g
configure:3227: gcc -c -g  conftest.c >&5
configure:3227: $? = 0
configure:3268: result: yes
configure:3285: checking for gcc option to accept ISO C89
configure:3348: gcc  -c -fPIC  conftest.c >&5
configure:3348: $? = 0
configure:3361: result: none needed
configure:3439: checking for g++
configure:3455: found /usr/bin/g++
configure:3466: result: g++
configure:3493: checking for C++ compiler version
configure:3502: g++ --version >&5
g++ (Ubuntu 5.4.0-6ubuntu1~16.04.10) 5.4.0 20160609
Copyright (C) 2015 Free Software Foundation, Inc.
This is free software; see the source for copying conditions.  There is NO
warranty; not even for MERCHANTABILITY or FITNESS FOR A PARTICULAR PURPOSE.

configure:3513: $? = 0
configure:3502: g++ -v >&5
Using built-in specs.
COLLECT_GCC=g++
COLLECT_LTO_WRAPPER=/usr/lib/gcc/x86_64-linux-gnu/5/lto-wrapper
Target: x86_64-linux-gnu
Configured with: ../src/configure -v --with-pkgversion='Ubuntu 5.4.0-6ubuntu1~16.04.10' --with-bugurl=file:///usr/share/doc/gcc-5/README.Bugs --enable-languages=c,ada,c++,java,go,d,fortran,objc,obj-c++ --prefix=/usr --program-suffix=-5 --enable-shared --enable-linker-build-id --libexecdir=/usr/lib --without-included-gettext --enable-threads=posix --libdir=/usr/lib --enable-nls --with-sysroot=/ --enable-clocale=gnu --enable-libstdcxx-debug --enable-libstdcxx-time=yes --with-default-libstdcxx-abi=new --enable-gnu-unique-object --disable-vtable-verify --enable-libmpx --enable-plugin --with-system-zlib --disable-browser-plugin --enable-java-awt=gtk --enable-gtk-cairo --with-java-home=/usr/lib/jvm/java-1.5.0-gcj-5-amd64/jre --enable-java-home --with-jvm-root-dir=/usr/lib/jvm/java-1.5.0-gcj-5-amd64 --with-jvm-jar-dir=/usr/lib/jvm-exports/java-1.5.0-gcj-5-amd64 --with-arch-directory=amd64 --with-ecj-jar=/usr/share/java/eclipse-ecj.jar --enable-objc-gc --enable-multiarch --disable-werror --with-arch-32=i686 --with-abi=m64 --with-multilib-list=m32,m64,mx32 --enable-multilib --with-tune=generic --enable-checking=release --build=x86_64-linux-gnu --host=x86_64-linux-gnu --target=x86_64-linux-gnu
Thread model: posix
gcc version 5.4.0 20160609 (Ubuntu 5.4.0-6ubuntu1~16.04.10) 
configure:3513: $? = 0
configure:3502: g++ -V >&5
g++: error: unrecognized command line option '-V'
g++: fatal error: no input files
compilation terminated.
configure:3513: $? = 1
configure:3502: g++ -qversion >&5
g++: error: unrecognized command line option '-qversion'
g++: fatal error: no input files
compilation terminated.
configure:3513: $? = 1
configure:3517: checking whether we are using the GNU C++ compiler
configure:3536: g++ -c -fPIC  conftest.cpp >&5
configure:3536: $? = 0
configure:3545: result: yes
configure:3554: checking whether g++ accepts -g
configure:3574: g++ -c -g  conftest.cpp >&5
configure:3574: $? = 0
configure:3615: result: yes
configure:3914: checking if the compiler supports -fvisibility
configure:3939: g++ -c -fPIC -fvisibility=hidden  conftest.cpp >&5
configure:3939: $? = 0
configure:3954: result: yes
configure:3961: checking if the compiler supports -fvisibility-inlines-hidden
configure:3986: g++ -c -fPIC -fvisibility-inlines-hidden  conftest.cpp >&5
configure:3986: $? = 0
configure:4001: result: yes
configure:4126: checking for a BSD-compatible install
configure:4194: result: /usr/bin/install -c
configure:4216: checking for nroff
configure:4234: found /usr/bin/nroff
configure:4246: result: /usr/bin/nroff
configure:4304: checking for doxygen
configure:4337: result: no
configure:4386: checking for ranlib
configure:4402: found /usr/bin/ranlib
configure:4413: result: ranlib
configure:4481: checking for ar
configure:4499: found /usr/bin/ar
configure:4511: result: /usr/bin/ar
configure:4592: checking for windres
configure:4625: result: no
configure:4651: checking how to run the C preprocessor
configure:4682: gcc -E  conftest.c
configure:4682: $? = 0
configure:4696: gcc -E  conftest.c
conftest.c:9:28: fatal error: ac_nonexistent.h: No such file or directory
compilation terminated.
configure:4696: $? = 1
configure: failed program was:
| /* confdefs.h */
| #define PACKAGE_NAME ""
| #define PACKAGE_TARNAME ""
| #define PACKAGE_VERSION ""
| #define PACKAGE_STRING ""
| #define PACKAGE_BUGREPORT ""
| #define PACKAGE_URL ""
| /* end confdefs.h.  */
| #include <ac_nonexistent.h>
configure:4721: result: gcc -E
configure:4741: gcc -E  conftest.c
configure:4741: $? = 0
configure:4755: gcc -E  conftest.c
conftest.c:9:28: fatal error: ac_nonexistent.h: No such file or directory
compilation terminated.
configure:4755: $? = 1
configure: failed program was:
| /* confdefs.h */
| #define PACKAGE_NAME ""
| #define PACKAGE_TARNAME ""
| #define PACKAGE_VERSION ""
| #define PACKAGE_STRING ""
| #define PACKAGE_BUGREPORT ""
| #define PACKAGE_URL ""
| /* end confdefs.h.  */
| #include <ac_nonexistent.h>
configure:4784: checking for grep that handles long lines and -e
configure:4842: result: /bin/grep
configure:4847: checking for egrep
configure:4909: result: /bin/grep -E
configure:4914: checking for ANSI C header files
configure:4934: gcc -c -fPIC  conftest.c >&5
configure:4934: $? = 0
configure:5007: gcc -o conftest -fPIC   conftest.c  >&5
configure:5007: $? = 0
configure:5007: ./conftest
configure:5007: $? = 0
configure:5018: result: yes
configure:5031: checking for sys/types.h
configure:5031: gcc -c -fPIC  conftest.c >&5
configure:5031: $? = 0
configure:5031: result: yes
configure:5031: checking for sys/stat.h
configure:5031: gcc -c -fPIC  conftest.c >&5
configure:5031: $? = 0
configure:5031: result: yes
configure:5031: checking for stdlib.h
configure:5031: gcc -c -fPIC  conftest.c >&5
configure:5031: $? = 0
configure:5031: result: yes
configure:5031: checking for string.h
configure:5031: gcc -c -fPIC  conftest.c >&5
configure:5031: $? = 0
configure:5031: result: yes
configure:5031: checking for memory.h
configure:5031: gcc -c -fPIC  conftest.c >&5
configure:5031: $? = 0
configure:5031: result: yes
configure:5031: checking for strings.h
configure:5031: gcc -c -fPIC  conftest.c >&5
configure:5031: $? = 0
configure:5031: result: yes
configure:5031: checking for inttypes.h
configure:5031: gcc -c -fPIC  conftest.c >&5
configure:5031: $? = 0
configure:5031: result: yes
configure:5031: checking for stdint.h
configure:5031: gcc -c -fPIC  conftest.c >&5
configure:5031: $? = 0
configure:5031: result: yes
configure:5031: checking for unistd.h
configure:5031: gcc -c -fPIC  conftest.c >&5
configure:5031: $? = 0
configure:5031: result: yes
configure:5047: checking size of short
configure:5052: gcc -o conftest -fPIC   conftest.c  >&5
configure:5052: $? = 0
configure:5052: ./conftest
configure:5052: $? = 0
configure:5066: result: 2
configure:5080: checking size of int
configure:5085: gcc -o conftest -fPIC   conftest.c  >&5
configure:5085: $? = 0
configure:5085: ./conftest
configure:5085: $? = 0
configure:5099: result: 4
configure:5113: checking size of long
configure:5118: gcc -o conftest -fPIC   conftest.c  >&5
configure:5118: $? = 0
configure:5118: ./conftest
configure:5118: $? = 0
configure:5132: result: 8
configure:5159: checking whether byte ordering is bigendian
configure:5174: gcc -c -fPIC  conftest.c >&5
conftest.c:25:9: error: unknown type name 'not'
         not a universal capable compiler
         ^
conftest.c:25:15: error: expected '=', ',', ';', 'asm' or '__attribute__' before 'universal'
         not a universal capable compiler
               ^
conftest.c:25:15: error: unknown type name 'universal'
configure:5174: $? = 1
configure: failed program was:
| /* confdefs.h */
| #define PACKAGE_NAME ""
| #define PACKAGE_TARNAME ""
| #define PACKAGE_VERSION ""
| #define PACKAGE_STRING ""
| #define PACKAGE_BUGREPORT ""
| #define PACKAGE_URL ""
| #define STDC_HEADERS 1
| #define HAVE_SYS_TYPES_H 1
| #define HAVE_SYS_STAT_H 1
| #define HAVE_STDLIB_H 1
| #define HAVE_STRING_H 1
| #define HAVE_MEMORY_H 1
| #define HAVE_STRINGS_H 1
| #define HAVE_INTTYPES_H 1
| #define HAVE_STDINT_H 1
| #define HAVE_UNISTD_H 1
| #define SIZEOF_SHORT 2
| #define SIZEOF_INT 4
| #define SIZEOF_LONG 8
| #define U16 unsigned short
| #define U32 unsigned
| /* end confdefs.h.  */
| #ifndef __APPLE_CC__
| 	       not a universal capable compiler
| 	     #endif
| 	     typedef int dummy;
| 
configure:5219: gcc -c -fPIC  conftest.c >&5
configure:5219: $? = 0
configure:5237: gcc -c -fPIC  conftest.c >&5
conftest.c: In function 'main':
conftest.c:31:4: error: unknown type name 'not'
    not big endian
    ^
conftest.c:31:12: error: expected '=', ',', ';', 'asm' or '__attribute__' before 'endian'
    not big endian
            ^
configure:5237: $? = 1
configure: failed program was:
| /* confdefs.h */
| #define PACKAGE_NAME ""
| #define PACKAGE_TARNAME ""
| #define PACKAGE_VERSION ""
| #define PACKAGE_STRING ""
| #define PACKAGE_BUGREPORT ""
| #define PACKAGE_URL ""
| #define STDC_HEADERS 1
| #define HAVE_SYS_TYPES_H 1
| #define HAVE_SYS_STAT_H 1
| #define HAVE_STDLIB_H 1
| #define HAVE_STRING_H 1
| #define HAVE_MEMORY_H 1
| #define HAVE_STRINGS_H 1
| #define HAVE_INTTYPES_H 1
| #define HAVE_STDINT_H 1
| #define HAVE_UNISTD_H 1
| #define SIZEOF_SHORT 2
| #define SIZEOF_INT 4
| #define SIZEOF_LONG 8
| #define U16 unsigned short
| #define U32 unsigned
| /* end confdefs.h.  */
| #include <sys/types.h>
| 		#include <sys/param.h>
| 
| int
| main ()
| {
| #if BYTE_ORDER != BIG_ENDIAN
| 		 not big endian
| 		#endif
| 
|   ;
|   return 0;
| }
configure:5365: result: no
configure:5396: checking whether the compiler recognizes bool as a built-in type
configure:5426: g++ -c -fPIC -fvisibility-inlines-hidden  conftest.cpp >&5
configure:5426: $? = 0
configure:5440: result: yes
configure:5450: checking for dirent.h that defines DIR
configure:5469: gcc -c -fPIC  conftest.c >&5
configure:5469: $? = 0
configure:5477: result: yes
configure:5490: checking for library containing opendir
configure:5521: gcc -o conftest -fPIC   conftest.c  >&5
configure:5521: $? = 0
configure:5538: result: none required
configure:5608: checking sys/select.h usability
configure:5608: gcc -c -fPIC  conftest.c >&5
configure:5608: $? = 0
configure:5608: result: yes
configure:5608: checking sys/select.h presence
configure:5608: gcc -E  conftest.c
configure:5608: $? = 0
configure:5608: result: yes
configure:5608: checking for sys/select.h
configure:5608: result: yes
configure:5608: checking sys/stdtypes.h usability
configure:5608: gcc -c -fPIC  conftest.c >&5
conftest.c:60:26: fatal error: sys/stdtypes.h: No such file or directory
compilation terminated.
configure:5608: $? = 1
configure: failed program was:
| /* confdefs.h */
| #define PACKAGE_NAME ""
| #define PACKAGE_TARNAME ""
| #define PACKAGE_VERSION ""
| #define PACKAGE_STRING ""
| #define PACKAGE_BUGREPORT ""
| #define PACKAGE_URL ""
| #define STDC_HEADERS 1
| #define HAVE_SYS_TYPES_H 1
| #define HAVE_SYS_STAT_H 1
| #define HAVE_STDLIB_H 1
| #define HAVE_STRING_H 1
| #define HAVE_MEMORY_H 1
| #define HAVE_STRINGS_H 1
| #define HAVE_INTTYPES_H 1
| #define HAVE_STDINT_H 1
| #define HAVE_UNISTD_H 1
| #define SIZEOF_SHORT 2
| #define SIZEOF_INT 4
| #define SIZEOF_LONG 8
| #define U16 unsigned short
| #define U32 unsigned
| #define U64 unsigned long
| #define HAVE_DIRENT_H 1
| #define HAVE_SYS_SELECT_H 1
| /* end confdefs.h.  */
| #include <stdio.h>
| #ifdef HAVE_SYS_TYPES_H
| # include <sys/types.h>
| #endif
| #ifdef HAVE_SYS_STAT_H
| # include <sys/stat.h>
| #endif
| #ifdef STDC_HEADERS
| # include <stdlib.h>
| # include <stddef.h>
| #else
| # ifdef HAVE_STDLIB_H
| #  include <stdlib.h>
| # endif
| #endif
| #ifdef HAVE_STRING_H
| # if !defined STDC_HEADERS && defined HAVE_MEMORY_H
| #  include <memory.h>
| # endif
| # include <string.h>
| #endif
| #ifdef HAVE_STRINGS_H
| # include <strings.h>
| #endif
| #ifdef HAVE_INTTYPES_H
| # include <inttypes.h>
| #endif
| #ifdef HAVE_STDINT_H
| # include <stdint.h>
| #endif
| #ifdef HAVE_UNISTD_H
| # include <unistd.h>
| #endif
| #include <sys/stdtypes.h>
configure:5608: result: no
configure:5608: checking sys/stdtypes.h presence
configure:5608: gcc -E  conftest.c
conftest.c:27:26: fatal error: sys/stdtypes.h: No such file or directory
compilation terminated.
configure:5608: $? = 1
configure: failed program was:
| /* confdefs.h */
| #define PACKAGE_NAME ""
| #define PACKAGE_TARNAME ""
| #define PACKAGE_VERSION ""
| #define PACKAGE_STRING ""
| #define PACKAGE_BUGREPORT ""
| #define PACKAGE_URL ""
| #define STDC_HEADERS 1
| #define HAVE_SYS_TYPES_H 1
| #define HAVE_SYS_STAT_H 1
| #define HAVE_STDLIB_H 1
| #define HAVE_STRING_H 1
| #define HAVE_MEMORY_H 1
| #define HAVE_STRINGS_H 1
| #define HAVE_INTTYPES_H 1
| #define HAVE_STDINT_H 1
| #define HAVE_UNISTD_H 1
| #define SIZEOF_SHORT 2
| #define SIZEOF_INT 4
| #define SIZEOF_LONG 8
| #define U16 unsigned short
| #define U32 unsigned
| #define U64 unsigned long
| #define HAVE_DIRENT_H 1
| #define HAVE_SYS_SELECT_H 1
| /* end confdefs.h.  */
| #include <sys/stdtypes.h>
configure:5608: result: no
configure:5608: checking for sys/stdtypes.h
configure:5608: result: no
configure:5619: checking whether we have the POSIX compatible scandir() prototype
configure:5648: g++ -c -fPIC -fvisibility-inlines-hidden  conftest.cpp >&5
configure:5648: $? = 0
configure:5662: result: yes
configure:5688: checking for vsnprintf
configure:5688: gcc -o conftest -fPIC   conftest.c  >&5
conftest.c:52:6: warning: conflicting types for built-in function 'vsnprintf'
 char vsnprintf ();
      ^
configure:5688: $? = 0
configure:5688: result: yes
configure:5707: checking for snprintf
configure:5707: gcc -o conftest -fPIC   conftest.c  >&5
conftest.c:53:6: warning: conflicting types for built-in function 'snprintf'
 char snprintf ();
      ^
configure:5707: $? = 0
configure:5707: result: yes
configure:5728: checking for strings.h
configure:5728: result: yes
configure:5741: checking for strcasecmp
configure:5741: gcc -o conftest -fPIC   conftest.c  >&5
conftest.c:55:6: warning: conflicting types for built-in function 'strcasecmp'
 char strcasecmp ();
      ^
configure:5741: $? = 0
configure:5741: result: yes
configure:5741: checking for strlcat
configure:5741: gcc -o conftest -fPIC   conftest.c  >&5
/tmp/ccjmeOu6.o: In function `main':
conftest.c:(.text+0xa): undefined reference to `strlcat'
collect2: error: ld returned 1 exit status
configure:5741: $? = 1
configure: failed program was:
| /* confdefs.h */
| #define PACKAGE_NAME ""
| #define PACKAGE_TARNAME ""
| #define PACKAGE_VERSION ""
| #define PACKAGE_STRING ""
| #define PACKAGE_BUGREPORT ""
| #define PACKAGE_URL ""
| #define STDC_HEADERS 1
| #define HAVE_SYS_TYPES_H 1
| #define HAVE_SYS_STAT_H 1
| #define HAVE_STDLIB_H 1
| #define HAVE_STRING_H 1
| #define HAVE_MEMORY_H 1
| #define HAVE_STRINGS_H 1
| #define HAVE_INTTYPES_H 1
| #define HAVE_STDINT_H 1
| #define HAVE_UNISTD_H 1
| #define SIZEOF_SHORT 2
| #define SIZEOF_INT 4
| #define SIZEOF_LONG 8
| #define U16 unsigned short
| #define U32 unsigned
| #define U64 unsigned long
| #define HAVE_DIRENT_H 1
| #define HAVE_SYS_SELECT_H 1
| #define HAVE_SCANDIR 1
| #define HAVE_SCANDIR_POSIX 1
| #define HAVE_VSNPRINTF 1
| #define HAVE_SNPRINTF 1
| #define HAVE_STRINGS_H 1
| #define HAVE_STRCASECMP 1
| /* end confdefs.h.  */
| /* Define strlcat to an innocuous variant, in case <limits.h> declares strlcat.
|    For example, HP-UX 11i <limits.h> declares gettimeofday.  */
| #define strlcat innocuous_strlcat
| 
| /* System header to define __stub macros and hopefully few prototypes,
|     which can conflict with char strlcat (); below.
|     Prefer <limits.h> to <assert.h> if __STDC__ is defined, since
|     <limits.h> exists even on freestanding compilers.  */
| 
| #ifdef __STDC__
| # include <limits.h>
| #else
| # include <assert.h>
| #endif
| 
| #undef strlcat
| 
| /* Override any GCC internal prototype to avoid an error.
|    Use char because int might match the return type of a GCC
|    builtin and then its argument prototype would still apply.  */
| #ifdef __cplusplus
| extern "C"
| #endif
| char strlcat ();
| /* The GNU C library defines this for functions which it implements
|     to always fail with ENOSYS.  Some functions are actually named
|     something starting with __ and the normal name is an alias.  */
| #if defined __stub_strlcat || defined __stub___strlcat
| choke me
| #endif
| 
| int
| main ()
| {
| return strlcat ();
|   ;
|   return 0;
| }
configure:5741: result: no
configure:5741: checking for strlcpy
configure:5741: gcc -o conftest -fPIC   conftest.c  >&5
/tmp/cc1anor1.o: In function `main':
conftest.c:(.text+0xa): undefined reference to `strlcpy'
collect2: error: ld returned 1 exit status
configure:5741: $? = 1
configure: failed program was:
| /* confdefs.h */
| #define PACKAGE_NAME ""
| #define PACKAGE_TARNAME ""
| #define PACKAGE_VERSION ""
| #define PACKAGE_STRING ""
| #define PACKAGE_BUGREPORT ""
| #define PACKAGE_URL ""
| #define STDC_HEADERS 1
| #define HAVE_SYS_TYPES_H 1
| #define HAVE_SYS_STAT_H 1
| #define HAVE_STDLIB_H 1
| #define HAVE_STRING_H 1
| #define HAVE_MEMORY_H 1
| #define HAVE_STRINGS_H 1
| #define HAVE_INTTYPES_H 1
| #define HAVE_STDINT_H 1
| #define HAVE_UNISTD_H 1
| #define SIZEOF_SHORT 2
| #define SIZEOF_INT 4
| #define SIZEOF_LONG 8
| #define U16 unsigned short
| #define U32 unsigned
| #define U64 unsigned long
| #define HAVE_DIRENT_H 1
| #define HAVE_SYS_SELECT_H 1
| #define HAVE_SCANDIR 1
| #define HAVE_SCANDIR_POSIX 1
| #define HAVE_VSNPRINTF 1
| #define HAVE_SNPRINTF 1
| #define HAVE_STRINGS_H 1
| #define HAVE_STRCASECMP 1
| /* end confdefs.h.  */
| /* Define strlcpy to an innocuous variant, in case <limits.h> declares strlcpy.
|    For example, HP-UX 11i <limits.h> declares gettimeofday.  */
| #define strlcpy innocuous_strlcpy
| 
| /* System header to define __stub macros and hopefully few prototypes,
|     which can conflict with char strlcpy (); below.
|     Prefer <limits.h> to <assert.h> if __STDC__ is defined, since
|     <limits.h> exists even on freestanding compilers.  */
| 
| #ifdef __STDC__
| # include <limits.h>
| #else
| # include <assert.h>
| #endif
| 
| #undef strlcpy
| 
| /* Override any GCC internal prototype to avoid an error.
|    Use char because int might match the return type of a GCC
|    builtin and then its argument prototype would still apply.  */
| #ifdef __cplusplus
| extern "C"
| #endif
| char strlcpy ();
| /* The GNU C library defines this for functions which it implements
|     to always fail with ENOSYS.  Some functions are actually named
|     something starting with __ and the normal name is an alias.  */
| #if defined __stub_strlcpy || defined __stub___strlcpy
| choke me
| #endif
| 
| int
| main ()
| {
| return strlcpy ();
|   ;
|   return 0;
| }
configure:5741: result: no
configure:5753: checking locale.h usability
configure:5753: gcc -c -fPIC  conftest.c >&5
configure:5753: $? = 0
configure:5753: result: yes
configure:5753: checking locale.h presence
configure:5753: gcc -E  conftest.c
configure:5753: $? = 0
configure:5753: result: yes
configure:5753: checking for locale.h
configure:5753: result: yes
configure:5765: checking for localeconv
configure:5765: gcc -o conftest -fPIC   conftest.c  >&5
configure:5765: $? = 0
configure:5765: result: yes
configure:5775: checking for library containing pow
configure:5806: gcc -o conftest -fPIC   conftest.c  >&5
conftest.c:42:6: warning: conflicting types for built-in function 'pow'
 char pow ();
      ^
/tmp/cczwM0An.o: In function `main':
conftest.c:(.text+0xa): undefined reference to `pow'
collect2: error: ld returned 1 exit status
configure:5806: $? = 1
configure: failed program was:
| /* confdefs.h */
| #define PACKAGE_NAME ""
| #define PACKAGE_TARNAME ""
| #define PACKAGE_VERSION ""
| #define PACKAGE_STRING ""
| #define PACKAGE_BUGREPORT ""
| #define PACKAGE_URL ""
| #define STDC_HEADERS 1
| #define HAVE_SYS_TYPES_H 1
| #define HAVE_SYS_STAT_H 1
| #define HAVE_STDLIB_H 1
| #define HAVE_STRING_H 1
| #define HAVE_MEMORY_H 1
| #define HAVE_STRINGS_H 1
| #define HAVE_INTTYPES_H 1
| #define HAVE_STDINT_H 1
| #define HAVE_UNISTD_H 1
| #define SIZEOF_SHORT 2
| #define SIZEOF_INT 4
| #define SIZEOF_LONG 8
| #define U16 unsigned short
| #define U32 unsigned
| #define U64 unsigned long
| #define HAVE_DIRENT_H 1
| #define HAVE_SYS_SELECT_H 1
| #define HAVE_SCANDIR 1
| #define HAVE_SCANDIR_POSIX 1
| #define HAVE_VSNPRINTF 1
| #define HAVE_SNPRINTF 1
| #define HAVE_STRINGS_H 1
| #define HAVE_STRCASECMP 1
| #define HAVE_LOCALE_H 1
| #define HAVE_LOCALECONV 1
| /* end confdefs.h.  */
| 
| /* Override any GCC internal prototype to avoid an error.
|    Use char because int might match the return type of a GCC
|    builtin and then its argument prototype would still apply.  */
| #ifdef __cplusplus
| extern "C"
| #endif
| char pow ();
| int
| main ()
| {
| return pow ();
|   ;
|   return 0;
| }
configure:5806: gcc -o conftest -fPIC   conftest.c -lm   >&5
conftest.c:42:6: warning: conflicting types for built-in function 'pow'
 char pow ();
      ^
configure:5806: $? = 0
configure:5823: result: -lm
configure:5839: checking for special C compiler options needed for large files
configure:5884: result: no
configure:5890: checking for _FILE_OFFSET_BITS value needed for large files
configure:5915: gcc -c -fPIC  conftest.c >&5
configure:5915: $? = 0
configure:5947: result: no
configure:6047: checking for long long int
configure:6074: result: yes
configure:6082: checking for library containing dlsym
configure:6113: gcc -o conftest -fPIC   conftest.c -lm  >&5
/tmp/ccPrH9eC.o: In function `main':
conftest.c:(.text+0xa): undefined reference to `dlsym'
collect2: error: ld returned 1 exit status
configure:6113: $? = 1
configure: failed program was:
| /* confdefs.h */
| #define PACKAGE_NAME ""
| #define PACKAGE_TARNAME ""
| #define PACKAGE_VERSION ""
| #define PACKAGE_STRING ""
| #define PACKAGE_BUGREPORT ""
| #define PACKAGE_URL ""
| #define STDC_HEADERS 1
| #define HAVE_SYS_TYPES_H 1
| #define HAVE_SYS_STAT_H 1
| #define HAVE_STDLIB_H 1
| #define HAVE_STRING_H 1
| #define HAVE_MEMORY_H 1
| #define HAVE_STRINGS_H 1
| #define HAVE_INTTYPES_H 1
| #define HAVE_STDINT_H 1
| #define HAVE_UNISTD_H 1
| #define SIZEOF_SHORT 2
| #define SIZEOF_INT 4
| #define SIZEOF_LONG 8
| #define U16 unsigned short
| #define U32 unsigned
| #define U64 unsigned long
| #define HAVE_DIRENT_H 1
| #define HAVE_SYS_SELECT_H 1
| #define HAVE_SCANDIR 1
| #define HAVE_SCANDIR_POSIX 1
| #define HAVE_VSNPRINTF 1
| #define HAVE_SNPRINTF 1
| #define HAVE_STRINGS_H 1
| #define HAVE_STRCASECMP 1
| #define HAVE_LOCALE_H 1
| #define HAVE_LOCALECONV 1
| #define HAVE_LONG_LONG 1
| /* end confdefs.h.  */
| 
| /* Override any GCC internal prototype to avoid an error.
|    Use char because int might match the return type of a GCC
|    builtin and then its argument prototype would still apply.  */
| #ifdef __cplusplus
| extern "C"
| #endif
| char dlsym ();
| int
| main ()
| {
| return dlsym ();
|   ;
|   return 0;
| }
configure:6113: gcc -o conftest -fPIC   conftest.c -ldl  -lm  >&5
configure:6113: $? = 0
configure:6130: result: -ldl
configure:6139: checking dlfcn.h usability
configure:6139: gcc -c -fPIC  conftest.c >&5
configure:6139: $? = 0
configure:6139: result: yes
configure:6139: checking dlfcn.h presence
configure:6139: gcc -E  conftest.c
configure:6139: $? = 0
configure:6139: result: yes
configure:6139: checking for dlfcn.h
configure:6139: result: yes
configure:6159: checking alsa/asoundlib.h usability
configure:6159: gcc -c -fPIC  conftest.c >&5
conftest.c:71:28: fatal error: alsa/asoundlib.h: No such file or directory
compilation terminated.
configure:6159: $? = 1
configure: failed program was:
| /* confdefs.h */
| #define PACKAGE_NAME ""
| #define PACKAGE_TARNAME ""
| #define PACKAGE_VERSION ""
| #define PACKAGE_STRING ""
| #define PACKAGE_BUGREPORT ""
| #define PACKAGE_URL ""
| #define STDC_HEADERS 1
| #define HAVE_SYS_TYPES_H 1
| #define HAVE_SYS_STAT_H 1
| #define HAVE_STDLIB_H 1
| #define HAVE_STRING_H 1
| #define HAVE_MEMORY_H 1
| #define HAVE_STRINGS_H 1
| #define HAVE_INTTYPES_H 1
| #define HAVE_STDINT_H 1
| #define HAVE_UNISTD_H 1
| #define SIZEOF_SHORT 2
| #define SIZEOF_INT 4
| #define SIZEOF_LONG 8
| #define U16 unsigned short
| #define U32 unsigned
| #define U64 unsigned long
| #define HAVE_DIRENT_H 1
| #define HAVE_SYS_SELECT_H 1
| #define HAVE_SCANDIR 1
| #define HAVE_SCANDIR_POSIX 1
| #define HAVE_VSNPRINTF 1
| #define HAVE_SNPRINTF 1
| #define HAVE_STRINGS_H 1
| #define HAVE_STRCASECMP 1
| #define HAVE_LOCALE_H 1
| #define HAVE_LOCALECONV 1
| #define HAVE_LONG_LONG 1
| #define HAVE_DLSYM 1
| #define HAVE_DLFCN_H 1
| /* end confdefs.h.  */
| #include <stdio.h>
| #ifdef HAVE_SYS_TYPES_H
| # include <sys/types.h>
| #endif
| #ifdef HAVE_SYS_STAT_H
| # include <sys/stat.h>
| #endif
| #ifdef STDC_HEADERS
| # include <stdlib.h>
| # include <stddef.h>
| #else
| # ifdef HAVE_STDLIB_H
| #  include <stdlib.h>
| # endif
| #endif
| #ifdef HAVE_STRING_H
| # if !defined STDC_HEADERS && defined HAVE_MEMORY_H
| #  include <memory.h>
| # endif
| # include <string.h>
| #endif
| #ifdef HAVE_STRINGS_H
| # include <strings.h>
| #endif
| #ifdef HAVE_INTTYPES_H
| # include <inttypes.h>
| #endif
| #ifdef HAVE_STDINT_H
| # include <stdint.h>
| #endif
| #ifdef HAVE_UNISTD_H
| # include <unistd.h>
| #endif
| #include <alsa/asoundlib.h>
configure:6159: result: no
configure:6159: checking alsa/asoundlib.h presence
configure:6159: gcc -E  conftest.c
conftest.c:38:28: fatal error: alsa/asoundlib.h: No such file or directory
compilation terminated.
configure:6159: $? = 1
configure: failed program was:
| /* confdefs.h */
| #define PACKAGE_NAME ""
| #define PACKAGE_TARNAME ""
| #define PACKAGE_VERSION ""
| #define PACKAGE_STRING ""
| #define PACKAGE_BUGREPORT ""
| #define PACKAGE_URL ""
| #define STDC_HEADERS 1
| #define HAVE_SYS_TYPES_H 1
| #define HAVE_SYS_STAT_H 1
| #define HAVE_STDLIB_H 1
| #define HAVE_STRING_H 1
| #define HAVE_MEMORY_H 1
| #define HAVE_STRINGS_H 1
| #define HAVE_INTTYPES_H 1
| #define HAVE_STDINT_H 1
| #define HAVE_UNISTD_H 1
| #define SIZEOF_SHORT 2
| #define SIZEOF_INT 4
| #define SIZEOF_LONG 8
| #define U16 unsigned short
| #define U32 unsigned
| #define U64 unsigned long
| #define HAVE_DIRENT_H 1
| #define HAVE_SYS_SELECT_H 1
| #define HAVE_SCANDIR 1
| #define HAVE_SCANDIR_POSIX 1
| #define HAVE_VSNPRINTF 1
| #define HAVE_SNPRINTF 1
| #define HAVE_STRINGS_H 1
| #define HAVE_STRCASECMP 1
| #define HAVE_LOCALE_H 1
| #define HAVE_LOCALECONV 1
| #define HAVE_LONG_LONG 1
| #define HAVE_DLSYM 1
| #define HAVE_DLFCN_H 1
| /* end confdefs.h.  */
| #include <alsa/asoundlib.h>
configure:6159: result: no
configure:6159: checking for alsa/asoundlib.h
configure:6159: result: no
configure:6574: checking pthread.h usability
configure:6574: gcc -c -fPIC  conftest.c >&5
configure:6574: $? = 0
configure:6574: result: yes
configure:6574: checking pthread.h presence
configure:6574: gcc -E  conftest.c
configure:6574: $? = 0
configure:6574: result: yes
configure:6574: checking for pthread.h
configure:6574: result: yes
configure:6587: checking for pthread_create using -lpthreads
configure:6602: gcc -o conftest -fPIC   conftest.c -lpthreads -ldl -lm  >&5
conftest.c: In function 'main':
conftest.c:50:1: warning: null argument where non-null required (argument 1) [-Wnonnull]
 pthread_create(0, 0, 0, 0);
 ^
conftest.c:50:1: warning: null argument where non-null required (argument 3) [-Wnonnull]
/usr/bin/ld: cannot find -lpthreads
collect2: error: ld returned 1 exit status
configure:6602: $? = 1
configure: failed program was:
| /* confdefs.h */
| #define PACKAGE_NAME ""
| #define PACKAGE_TARNAME ""
| #define PACKAGE_VERSION ""
| #define PACKAGE_STRING ""
| #define PACKAGE_BUGREPORT ""
| #define PACKAGE_URL ""
| #define STDC_HEADERS 1
| #define HAVE_SYS_TYPES_H 1
| #define HAVE_SYS_STAT_H 1
| #define HAVE_STDLIB_H 1
| #define HAVE_STRING_H 1
| #define HAVE_MEMORY_H 1
| #define HAVE_STRINGS_H 1
| #define HAVE_INTTYPES_H 1
| #define HAVE_STDINT_H 1
| #define HAVE_UNISTD_H 1
| #define SIZEOF_SHORT 2
| #define SIZEOF_INT 4
| #define SIZEOF_LONG 8
| #define U16 unsigned short
| #define U32 unsigned
| #define U64 unsigned long
| #define HAVE_DIRENT_H 1
| #define HAVE_SYS_SELECT_H 1
| #define HAVE_SCANDIR 1
| #define HAVE_SCANDIR_POSIX 1
| #define HAVE_VSNPRINTF 1
| #define HAVE_SNPRINTF 1
| #define HAVE_STRINGS_H 1
| #define HAVE_STRCASECMP 1
| #define HAVE_LOCALE_H 1
| #define HAVE_LOCALECONV 1
| #define HAVE_LONG_LONG 1
| #define HAVE_DLSYM 1
| #define HAVE_DLFCN_H 1
| #define HAVE_LIBZ 1
| #define HAVE_LIBPNG 1
| #define HAVE_PNG_H 1
| #define HAVE_PNG_GET_VALID 1
| #define HAVE_PNG_SET_TRNS_TO_ALPHA 1
| #define HAVE_LIBJPEG 1
| #define FLTK_USE_NANOSVG 1
| #define HAVE_PTHREAD_H 1
| /* end confdefs.h.  */
| #include <pthread.h>
| int
| main ()
| {
| pthread_create(0, 0, 0, 0);
|   ;
|   return 0;
| }
configure:6609: result: no
configure:6587: checking for pthread_create using -lpthread
configure:6602: gcc -o conftest -fPIC   conftest.c -lpthread -ldl -lm  >&5
conftest.c: In function 'main':
conftest.c:50:1: warning: null argument where non-null required (argument 1) [-Wnonnull]
 pthread_create(0, 0, 0, 0);
 ^
conftest.c:50:1: warning: null argument where non-null required (argument 3) [-Wnonnull]
configure:6602: $? = 0
configure:6609: result: yes
configure:6757: checking for X
configure:6865: gcc -E  conftest.c
configure:6865: $? = 0
configure:6896: gcc -o conftest -fPIC   conftest.c -lX11 -lpthread -ldl -lm  >&5
configure:6896: $? = 0
configure:6946: result: libraries , headers 
configure:7045: gcc -o conftest -fPIC   conftest.c -lpthread -ldl -lm   -lX11 >&5
configure:7045: $? = 0
configure:7143: checking for gethostbyname
configure:7143: gcc -o conftest -fPIC   conftest.c -lpthread -ldl -lm  >&5
configure:7143: $? = 0
configure:7143: result: yes
configure:7240: checking for connect
configure:7240: gcc -o conftest -fPIC   conftest.c -lpthread -ldl -lm  >&5
configure:7240: $? = 0
configure:7240: result: yes
configure:7289: checking for remove
configure:7289: gcc -o conftest -fPIC   conftest.c -lpthread -ldl -lm  >&5
configure:7289: $? = 0
configure:7289: result: yes
configure:7338: checking for shmat
configure:7338: gcc -o conftest -fPIC   conftest.c -lpthread -ldl -lm  >&5
configure:7338: $? = 0
configure:7338: result: yes
configure:7396: checking for IceConnectionNumber in -lICE
configure:7421: gcc -o conftest -fPIC   conftest.c -lICE  -lpthread -ldl -lm  >&5
configure:7421: $? = 0
configure:7430: result: yes
configure:7446: WARNING: Ignoring libraries " -lSM -lICE" requested by configure.
configure:7465: checking for library containing dlopen
configure:7496: gcc -o conftest -fPIC     conftest.c -lpthread -ldl -lm  -lX11  >&5
configure:7496: $? = 0
configure:7513: result: none required
configure:7521: checking GL/gl.h usability
configure:7521: gcc -c -fPIC   conftest.c >&5
configure:7521: $? = 0
configure:7521: result: yes
configure:7521: checking GL/gl.h presence
configure:7521: gcc -E  conftest.c
configure:7521: $? = 0
configure:7521: result: yes
configure:7521: checking for GL/gl.h
configure:7521: result: yes
configure:7523: checking for glXMakeCurrent in -lGL
configure:7548: gcc -o conftest -fPIC     conftest.c -lGL -lm -lpthread -ldl -lm  -lX11  >&5
configure:7548: $? = 0
configure:7557: result: yes
configure:7608: checking for glXGetProcAddressARB in -lGL
configure:7633: gcc -o conftest -fPIC     conftest.c -lGL -lm -lpthread -ldl -lm  -lX11  >&5
configure:7633: $? = 0
configure:7642: result: yes
configure:7653: checking GL/glu.h usability
configure:7653: gcc -c -fPIC   conftest.c >&5
configure:7653: $? = 0
configure:7653: result: yes
configure:7653: checking GL/glu.h presence
configure:7653: gcc -E  conftest.c
configure:7653: $? = 0
configure:7653: result: yes
configure:7653: checking for GL/glu.h
configure:7653: result: yes
configure:7699: checking for XineramaIsActive in -lXinerama
configure:7724: gcc -o conftest -fPIC     conftest.c -lXinerama  -lpthread -ldl -lm  -lX11  >&5
configure:7724: $? = 0
configure:7733: result: yes
configure:7754: checking for freetype-config
configure:7772: found /usr/bin/freetype-config
configure:7784: result: /usr/bin/freetype-config
configure:7798: checking for FcPatternCreate in -lfontconfig
configure:7823: gcc -o conftest -I/usr/include/freetype2 -fPIC  -I/usr/include/freetype2    conftest.c -lfontconfig  -lXinerama -lpthread -ldl -lm  -lX11  >&5
configure:7823: $? = 0
configure:7832: result: yes
configure:7843: checking X11/Xft/Xft.h usability
configure:7843: gcc -c -I/usr/include/freetype2 -fPIC  -I/usr/include/freetype2  conftest.c >&5
configure:7843: $? = 0
configure:7843: result: yes
configure:7843: checking X11/Xft/Xft.h presence
configure:7843: gcc -E -I/usr/include/freetype2  conftest.c
configure:7843: $? = 0
configure:7843: result: yes
configure:7843: checking for X11/Xft/Xft.h
configure:7843: result: yes
configure:7845: checking for XftDrawCreate in -lXft
configure:7870: gcc -o conftest -I/usr/include/freetype2 -fPIC  -I/usr/include/freetype2    conftest.c -lXft  -lfontconfig -lXinerama -lpthread -ldl -lm  -lX11  >&5
configure:7870: $? = 0
configure:7879: result: yes
configure:8046: checking for X11/extensions/Xdbe.h
configure:8046: gcc -c -I/usr/include/freetype2 -fPIC  -I/usr/include/freetype2  conftest.c >&5
configure:8046: $? = 0
configure:8046: result: yes
configure:8049: checking for XdbeQueryExtension in -lXext
configure:8074: gcc -o conftest -I/usr/include/freetype2 -fPIC  -I/usr/include/freetype2    conftest.c -lXext  -lXft -lfontconfig -lXinerama -lpthread -ldl -lm  -lX11  >&5
configure:8074: $? = 0
configure:8083: result: yes
configure:8105: checking for X11/extensions/Xfixes.h
configure:8105: gcc -c -I/usr/include/freetype2 -fPIC  -I/usr/include/freetype2  conftest.c >&5
configure:8105: $? = 0
configure:8105: result: yes
configure:8108: checking for XFixesQueryExtension in -lXfixes
configure:8133: gcc -o conftest -I/usr/include/freetype2 -fPIC  -I/usr/include/freetype2    conftest.c -lXfixes  -lXext -lXft -lfontconfig -lXinerama -lpthread -ldl -lm  -lX11  >&5
configure:8133: $? = 0
configure:8142: result: yes
configure:8164: checking for X11/Xcursor/Xcursor.h
configure:8164: gcc -c -I/usr/include/freetype2 -fPIC  -I/usr/include/freetype2  conftest.c >&5
conftest.c:59:33: fatal error: X11/Xcursor/Xcursor.h: No such file or directory
compilation terminated.
configure:8164: $? = 1
configure: failed program was:
| /* confdefs.h */
| #define PACKAGE_NAME ""
| #define PACKAGE_TARNAME ""
| #define PACKAGE_VERSION ""
| #define PACKAGE_STRING ""
| #define PACKAGE_BUGREPORT ""
| #define PACKAGE_URL ""
| #define STDC_HEADERS 1
| #define HAVE_SYS_TYPES_H 1
| #define HAVE_SYS_STAT_H 1
| #define HAVE_STDLIB_H 1
| #define HAVE_STRING_H 1
| #define HAVE_MEMORY_H 1
| #define HAVE_STRINGS_H 1
| #define HAVE_INTTYPES_H 1
| #define HAVE_STDINT_H 1
| #define HAVE_UNISTD_H 1
| #define SIZEOF_SHORT 2
| #define SIZEOF_INT 4
| #define SIZEOF_LONG 8
| #define U16 unsigned short
| #define U32 unsigned
| #define U64 unsigned long
| #define HAVE_DIRENT_H 1
| #define HAVE_SYS_SELECT_H 1
| #define HAVE_SCANDIR 1
| #define HAVE_SCANDIR_POSIX 1
| #define HAVE_VSNPRINTF 1
| #define HAVE_SNPRINTF 1
| #define HAVE_STRINGS_H 1
| #define HAVE_STRCASECMP 1
| #define HAVE_LOCALE_H 1
| #define HAVE_LOCALECONV 1
| #define HAVE_LONG_LONG 1
| #define HAVE_DLSYM 1
| #define HAVE_DLFCN_H 1
| #define HAVE_LIBZ 1
| #define HAVE_LIBPNG 1
| #define HAVE_PNG_H 1
| #define HAVE_PNG_GET_VALID 1
| #define HAVE_PNG_SET_TRNS_TO_ALPHA 1
| #define HAVE_LIBJPEG 1
| #define FLTK_USE_NANOSVG 1
| #define HAVE_PTHREAD_H 1
| #define HAVE_PTHREAD 1
| #define HAVE_PTHREAD 1
| #define USE_X11 1
| #define HAVE_GL 1
| #define HAVE_GLXGETPROCADDRESSARB 1
| #define HAVE_GL_GLU_H 1
| #define HAVE_XINERAMA 1
| #define HAVE_LIBFONTCONFIG 1
| #define USE_XFT 1
| #define HAVE_XDBE 1
| #define HAVE_XFIXES 1
| /* end confdefs.h.  */
| #include <X11/Xlib.h>
| 
| #include <X11/Xcursor/Xcursor.h>
configure:8164: result: no
configure:8223: checking for X11/extensions/Xrender.h
configure:8223: gcc -c -I/usr/include/freetype2 -fPIC  -I/usr/include/freetype2  conftest.c >&5
configure:8223: $? = 0
configure:8223: result: yes
configure:8226: checking for XRenderQueryVersion in -lXrender
configure:8251: gcc -o conftest -I/usr/include/freetype2 -fPIC  -I/usr/include/freetype2    conftest.c -lXrender  -lXfixes -lXext -lXft -lfontconfig -lXinerama -lpthread -ldl -lm  -lX11  >&5
configure:8251: $? = 0
configure:8260: result: yes
configure:8274: checking for X11/Xregion.h
configure:8274: gcc -c -I/usr/include/freetype2 -fPIC  -I/usr/include/freetype2  conftest.c >&5
configure:8274: $? = 0
configure:8274: result: yes
configure:8285: checking for xprop
configure:8303: found /home/sboo/.nix-profile/bin/xprop
configure:8315: result: /home/sboo/.nix-profile/bin/xprop
configure:8323: checking for X overlay visuals
configure:8338: result: no
configure:8485: checking if GCC supports -fno-exceptions
configure:8500: gcc -c -I/usr/include/freetype2 -fPIC  -fno-exceptions -I/usr/include/freetype2  conftest.c >&5
configure:8500: $? = 0
configure:8502: result: yes
configure:8512: checking if GCC supports -fno-strict-aliasing
configure:8527: gcc -c -I/usr/include/freetype2 -fPIC  -fno-strict-aliasing -I/usr/include/freetype2  conftest.c >&5
configure:8527: $? = 0
configure:8529: result: yes
configure:8539: checking if ld supports -no-undefined
configure:8554: gcc -o conftest -I/usr/include/freetype2 -fPIC  -I/usr/include/freetype2    -Wl,-no-undefined conftest.c -lXrender -lXfixes -lXext -lXft -lfontconfig -lXinerama -lpthread -ldl -lm  -lX11  >&5
configure:8554: $? = 0
configure:8556: result: yes
configure:8567: checking if ld supports -Bsymbolic-functions
configure:8582: gcc -o conftest -I/usr/include/freetype2 -fPIC  -I/usr/include/freetype2    -Wl,-Bsymbolic-functions conftest.c -lXrender -lXfixes -lXext -lXft -lfontconfig -lXinerama -lpthread -ldl -lm  -lX11  >&5
configure:8582: $? = 0
configure:8584: result: yes
configure:8595: checking if toolchain supports sections
configure:8612: gcc -o conftest -I/usr/include/freetype2 -fPIC  -ffunction-sections -fdata-sections -I/usr/include/freetype2    -Wl,-gc-sections conftest.c -lXrender -lXfixes -lXext -lXft -lfontconfig -lXinerama -lpthread -ldl -lm  -lX11  >&5
configure:8612: $? = 0
configure:8615: result: yes
configure:9022: creating ./config.status

## ---------------------- ##
## Running config.status. ##
## ---------------------- ##

This file was extended by config.status, which was
generated by GNU Autoconf 2.69.  Invocation command line was

  CONFIG_FILES    = 
  CONFIG_HEADERS  = 
  CONFIG_LINKS    = 
  CONFIG_COMMANDS = 
  $ ./config.status 

on SpirOS

config.status:937: creating makeinclude
config.status:937: creating fltk.list
config.status:937: creating fltk-config
config.status:937: creating fltk.spec
config.status:937: creating FL/Makefile
config.status:937: creating config.h
config.status:1112: config.h is unchanged
config.status:937: creating FL/abi-version.h
config.status:1112: FL/abi-version.h is unchanged

## ---------------- ##
## Cache variables. ##
## ---------------- ##

ac_cv_build=x86_64-pc-linux-gnu
ac_cv_c_bigendian=no
ac_cv_c_compiler_gnu=yes
ac_cv_c_long_long=yes
ac_cv_cxx_bool=yes
ac_cv_cxx_compiler_gnu=yes
ac_cv_cxx_fvisibility=yes
ac_cv_cxx_fvisibility_inlines=yes
ac_cv_cxx_scandir_posix=yes
ac_cv_env_CCC_set=
ac_cv_env_CCC_value=
ac_cv_env_CC_set=
ac_cv_env_CC_value=
ac_cv_env_CFLAGS_set=set
ac_cv_env_CFLAGS_value=-fPIC
ac_cv_env_CPPFLAGS_set=
ac_cv_env_CPPFLAGS_value=
ac_cv_env_CPP_set=
ac_cv_env_CPP_value=
ac_cv_env_CXXFLAGS_set=set
ac_cv_env_CXXFLAGS_value=-fPIC
ac_cv_env_CXX_set=
ac_cv_env_CXX_value=
ac_cv_env_LDFLAGS_set=
ac_cv_env_LDFLAGS_value=
ac_cv_env_LIBS_set=
ac_cv_env_LIBS_value=
ac_cv_env_XMKMF_set=
ac_cv_env_XMKMF_value=
ac_cv_env_build_alias_set=
ac_cv_env_build_alias_value=
ac_cv_env_host_alias_set=
ac_cv_env_host_alias_value=
ac_cv_env_target_alias_set=
ac_cv_env_target_alias_value=
ac_cv_func_connect=yes
ac_cv_func_gethostbyname=yes
ac_cv_func_localeconv=yes
ac_cv_func_remove=yes
ac_cv_func_shmat=yes
ac_cv_func_snprintf=yes
ac_cv_func_strcasecmp=yes
ac_cv_func_strlcat=no
ac_cv_func_strlcpy=no
ac_cv_func_vsnprintf=yes
ac_cv_have_overlay=no
ac_cv_have_x='have_x=yes	ac_x_includes='\'''\''	ac_x_libraries='\'''\'''
ac_cv_header_GL_gl_h=yes
ac_cv_header_GL_glu_h=yes
ac_cv_header_X11_Xcursor_Xcursor_h=no
ac_cv_header_X11_Xft_Xft_h=yes
ac_cv_header_X11_Xregion_h=yes
ac_cv_header_X11_extensions_Xdbe_h=yes
ac_cv_header_X11_extensions_Xfixes_h=yes
ac_cv_header_X11_extensions_Xrender_h=yes
ac_cv_header_alsa_asoundlib_h=no
ac_cv_header_dirent_dirent_h=yes
ac_cv_header_dlfcn_h=yes
ac_cv_header_inttypes_h=yes
ac_cv_header_locale_h=yes
ac_cv_header_memory_h=yes
ac_cv_header_pthread_h=yes
ac_cv_header_stdc=yes
ac_cv_header_stdint_h=yes
ac_cv_header_stdlib_h=yes
ac_cv_header_string_h=yes
ac_cv_header_strings_h=yes
ac_cv_header_sys_select_h=yes
ac_cv_header_sys_stat_h=yes
ac_cv_header_sys_stdtypes_h=no
ac_cv_header_sys_types_h=yes
ac_cv_header_unistd_h=yes
ac_cv_host=x86_64-pc-linux-gnu
ac_cv_lib_GL_glXGetProcAddressARB=yes
ac_cv_lib_GL_glXMakeCurrent=yes
ac_cv_lib_ICE_IceConnectionNumber=yes
ac_cv_lib_Xext_XdbeQueryExtension=yes
ac_cv_lib_Xfixes_XFixesQueryExtension=yes
ac_cv_lib_Xft_XftDrawCreate=yes
ac_cv_lib_Xinerama_XineramaIsActive=yes
ac_cv_lib_Xrender_XRenderQueryVersion=yes
ac_cv_lib_fontconfig_FcPatternCreate=yes
ac_cv_lib_z_gzgets=no
ac_cv_objext=o
ac_cv_path_EGREP='/bin/grep -E'
ac_cv_path_FTCONFIG=/usr/bin/freetype-config
ac_cv_path_GREP=/bin/grep
ac_cv_path_NROFF=/usr/bin/nroff
ac_cv_path_XPROP=/home/sboo/.nix-profile/bin/xprop
ac_cv_path_ac_pt_AR=/usr/bin/ar
ac_cv_path_install='/usr/bin/install -c'
ac_cv_prog_CPP='gcc -E'
ac_cv_prog_ac_ct_CC=gcc
ac_cv_prog_ac_ct_CXX=g++
ac_cv_prog_ac_ct_RANLIB=ranlib
ac_cv_prog_cc_c89=
ac_cv_prog_cc_g=yes
ac_cv_prog_cxx_g=yes
ac_cv_search_dlopen='none required'
ac_cv_search_dlsym=-ldl
ac_cv_search_opendir='none required'
ac_cv_search_pow=-lm
ac_cv_sizeof_int=4
ac_cv_sizeof_long=8
ac_cv_sizeof_short=2
ac_cv_sys_file_offset_bits=no
ac_cv_sys_largefile_CC=no

## ----------------- ##
## Output variables. ##
## ----------------- ##

AR='/usr/bin/ar'
ARCHFLAGS=''
AUDIOLIBS=''
BINARY_DIR=''
BUILD='XFT'
CAIRODIR=''
CAIRODSONAME='libfltk_cairo.so.1.4'
CAIROFLAGS=''
CAIROLIBBASENAME='libfltk_cairo.a'
CAIROLIBNAME='../lib/libfltk_cairo.a'
CAIROLIBS=''
CAT1EXT='1'
CAT3EXT='3'
CAT6EXT='6'
CC='gcc'
CFLAGS='-I/usr/include/freetype2 -fPIC '
CPP='gcc -E'
CPPFLAGS='-I/usr/include/freetype2 '
CXX='g++'
CXXFLAGS='-I/usr/include/freetype2 -fPIC -fvisibility-inlines-hidden '
DEFS='-DHAVE_CONFIG_H'
DOXYDOC=''
DSOCOMMAND='$(CXX) $(DSOFLAGS) -Wl,-soname,$@ $(LDLIBS) -shared -fPIC  -o'
DSOFLAGS='  -Wl,-no-undefined -Wl,-Bsymbolic-functions -Wl,-gc-sections'
DSOLINK='-Wl,-rpath,${exec_prefix}/lib'
DSONAME='libfltk.so.1.4'
ECHO_C=''
ECHO_N='-n'
ECHO_T=''
EGREP='/bin/grep -E'
EXEEXT=''
FLDSONAME='libfltk_forms.so.1.4'
FLLIBBASENAME='libfltk_forms.a'
FLLIBNAME='../lib/libfltk_forms.a'
FLTKCAIROOPTION=''
FLUID='fluid-shared'
FL_ABI_VERSION='1.4.0'
FL_DSO_VERSION='1.4'
FL_MAJOR_VERSION='1'
FL_MINOR_VERSION='4'
FL_PATCH_VERSION='0'
FL_VERSION='1.4.0'
FTCONFIG='/usr/bin/freetype-config'
GLDEMOS='gldemos'
GLDSONAME='libfltk_gl.so.1.4'
GLLIBBASENAME='libfltk_gl.a'
GLLIBNAME='../lib/libfltk_gl.a'
GLLIBS='-lGLU -lGL'
GREP='/bin/grep'
GROFF=''
HLINKS='#'
IMAGELIBS='-lfltk_jpeg -lfltk_png -lfltk_z '
IMGDSONAME='libfltk_images.so.1.4'
IMGLIBBASENAME='libfltk_images.a'
IMGLIBNAME='../lib/libfltk_images.a'
INSTALL_DATA='${INSTALL} -m 644'
INSTALL_DESKTOP='install-linux'
INSTALL_PROGRAM='${INSTALL}'
INSTALL_SCRIPT='${INSTALL}'
JPEG='jpeg'
JPEGINC='-I../jpeg'
LARGEFILE='-D_LARGEFILE_SOURCE -D_LARGEFILE64_SOURCE'
LDFLAGS=' '
LIBBASENAME='libfltk.a'
LIBCOMMAND='/usr/bin/ar cr'
LIBEXT='.a'
LIBNAME='../lib/libfltk.a'
LIBOBJS=''
LIBS='-lXrender -lXfixes -lXext -lXft -lfontconfig -lXinerama -lpthread -ldl -lm  -lX11 '
LINKFLTK='../lib/libfltk.a'
LINKFLTKCAIRO=''
LINKFLTKFORMS='../lib/libfltk_forms.a'
LINKFLTKGL='../lib/libfltk_gl.a'
LINKFLTKIMG='../lib/libfltk_images.a'
LINKSHARED='-L../src  -lfltk_images -lfltk_forms -lfltk'
LTLIBOBJS=''
MAKEDEPEND='$(CXX) -M'
NROFF='/usr/bin/nroff'
OBJEXT='o'
OPTIM=' -Os -Wall -Wunused -Wno-format-y2k  -fvisibility=hidden -fPIC -fno-exceptions -fno-strict-aliasing -ffunction-sections -fdata-sections'
OSX_ONLY=':'
PACKAGE_BUGREPORT=''
PACKAGE_NAME=''
PACKAGE_STRING=''
PACKAGE_TARNAME=''
PACKAGE_URL=''
PACKAGE_VERSION=''
PATH_SEPARATOR=':'
PNG='png'
PNGINC='-I../png'
PTHREAD_FLAGS='-D_THREAD_SAFE -D_REENTRANT'
RANLIB='ranlib'
RC=''
SHAREDSUFFIX=''
SHELL='/bin/bash'
STATICIMAGELIBS='$libdir/libfltk_jpeg.a $libdir/libfltk_png.a $libdir/libfltk_z.a '
THREADS='threads'
UNINSTALL_DESKTOP='uninstall-linux'
XMKMF=''
XPROP='/home/sboo/.nix-profile/bin/xprop'
X_CFLAGS=''
X_EXTRA_LIBS=''
X_LIBS=''
X_PRE_LIBS=' -lSM -lICE'
ZLIB='zlib'
ZLIBINC='-I../zlib'
ac_ct_CC='gcc'
ac_ct_CXX='g++'
bindir='${exec_prefix}/bin'
build='x86_64-pc-linux-gnu'
build_alias=''
build_cpu='x86_64'
build_os='linux-gnu'
build_vendor='pc'
datadir='${datarootdir}'
datarootdir='${prefix}/share'
docdir='${datarootdir}/doc/${PACKAGE}'
dvidir='${docdir}'
exec_prefix='${prefix}'
host='x86_64-pc-linux-gnu'
host_alias=''
host_cpu='x86_64'
host_os='linux-gnu'
host_vendor='pc'
htmldir='${docdir}'
includedir='${prefix}/include'
infodir='${datarootdir}/info'
libdir='${exec_prefix}/lib'
libexecdir='${exec_prefix}/libexec'
localedir='${datarootdir}/locale'
localstatedir='${prefix}/var'
mandir='${datarootdir}/man'
oldincludedir='/usr/include'
pdfdir='${docdir}'
prefix='/usr/local'
program_transform_name='s,x,x,'
psdir='${docdir}'
runstatedir='${localstatedir}/run'
sbindir='${exec_prefix}/sbin'
sharedstatedir='${prefix}/com'
sysconfdir='${prefix}/etc'
target_alias=''

## ----------- ##
## confdefs.h. ##
## ----------- ##

/* confdefs.h */
#define PACKAGE_NAME ""
#define PACKAGE_TARNAME ""
#define PACKAGE_VERSION ""
#define PACKAGE_STRING ""
#define PACKAGE_BUGREPORT ""
#define PACKAGE_URL ""
#define STDC_HEADERS 1
#define HAVE_SYS_TYPES_H 1
#define HAVE_SYS_STAT_H 1
#define HAVE_STDLIB_H 1
#define HAVE_STRING_H 1
#define HAVE_MEMORY_H 1
#define HAVE_STRINGS_H 1
#define HAVE_INTTYPES_H 1
#define HAVE_STDINT_H 1
#define HAVE_UNISTD_H 1
#define SIZEOF_SHORT 2
#define SIZEOF_INT 4
#define SIZEOF_LONG 8
#define U16 unsigned short
#define U32 unsigned
#define U64 unsigned long
#define HAVE_DIRENT_H 1
#define HAVE_SYS_SELECT_H 1
#define HAVE_SCANDIR 1
#define HAVE_SCANDIR_POSIX 1
#define HAVE_VSNPRINTF 1
#define HAVE_SNPRINTF 1
#define HAVE_STRINGS_H 1
#define HAVE_STRCASECMP 1
#define HAVE_LOCALE_H 1
#define HAVE_LOCALECONV 1
#define HAVE_LONG_LONG 1
#define HAVE_DLSYM 1
#define HAVE_DLFCN_H 1
#define HAVE_LIBZ 1
#define HAVE_LIBPNG 1
#define HAVE_PNG_H 1
#define HAVE_PNG_GET_VALID 1
#define HAVE_PNG_SET_TRNS_TO_ALPHA 1
#define HAVE_LIBJPEG 1
#define FLTK_USE_NANOSVG 1
#define HAVE_PTHREAD_H 1
#define HAVE_PTHREAD 1
#define HAVE_PTHREAD 1
#define USE_X11 1
#define HAVE_GL 1
#define HAVE_GLXGETPROCADDRESSARB 1
#define HAVE_GL_GLU_H 1
#define HAVE_XINERAMA 1
#define HAVE_LIBFONTCONFIG 1
#define USE_XFT 1
#define HAVE_XDBE 1
#define HAVE_XFIXES 1
#define HAVE_XRENDER 1
#define HAVE_X11_XREGION_H 1
#define FLTK_DOCDIR "/usr/local/share/doc/fltk"
#define FLTK_DATADIR "/usr/local/share/fltk"

configure: exit 0
